[0312/110711.084:ERROR:process_memory_win.cc(73)] ReadMemory at 0x12953f00790 of 72 bytes failed: ?????? ReadProcessMemory ??? WriteProcessMemory ??? ???????? ?????? ????????. (0x12B)
[0312/110712.258:WARNING:pe_image_annotations_reader.cc(134)] could not read annotations list object in C:\Program Files (x86)\Google\Chrome\Application\80.0.3987.132\chrome_elf.dll
[0312/110712.258:ERROR:process_memory_win.cc(73)] ReadMemory at 0x7ffc10550000 of 64 bytes failed: ?????? ReadProcessMemory ??? WriteProcessMemory ??? ???????? ?????? ????????. (0x12B)
[0312/110712.258:WARNING:pe_image_reader.cc(340)] could not read dos header from C:\Windows\SYSTEM32\VERSION.dll
[0312/110712.258:ERROR:process_memory_win.cc(73)] ReadMemory at 0x7ffc17a60000 of 64 bytes failed: ?????? ReadProcessMemory ??? WriteProcessMemory ??? ???????? ?????? ????????. (0x12B)
[0312/110712.445:WARNING:pe_image_reader.cc(340)] could not read dos header from C:\Windows\System32\msvcrt.dll
[0312/110712.445:ERROR:process_memory_win.cc(73)] ReadMemory at 0x7ffc15730000 of 64 bytes failed: ?????? ReadProcessMemory ??? WriteProcessMemory ??? ???????? ?????? ????????. (0x12B)
[0312/110712.446:WARNING:pe_image_reader.cc(340)] could not read dos header from C:\Windows\System32\bcryptPrimitives.dll
[0312/110712.446:ERROR:process_memory_win.cc(73)] ReadMemory at 0x7ffc17e50000 of 64 bytes failed: ?????? ReadProcessMemory ??? WriteProcessMemory ??? ???????? ?????? ????????. (0x12B)
[0312/110712.446:WARNING:pe_image_reader.cc(340)] could not read dos header from C:\Windows\System32\ADVAPI32.dll
[0312/110712.446:ERROR:process_memory_win.cc(73)] ReadMemory at 0x7ffc16d80000 of 64 bytes failed: ?????? ReadProcessMemory ??? WriteProcessMemory ??? ???????? ?????? ????????. (0x12B)
[0312/110712.446:WARNING:pe_image_reader.cc(340)] could not read dos header from C:\Windows\System32\sechost.dll
[0312/110712.446:ERROR:process_memory_win.cc(73)] ReadMemory at 0x7ffc17d30000 of 64 bytes failed: ?????? ReadProcessMemory ??? WriteProcessMemory ??? ???????? ?????? ????????. (0x12B)
[0312/110712.446:WARNING:pe_image_reader.cc(340)] could not read dos header from C:\Windows\System32\RPCRT4.dll
[0312/110712.446:ERROR:process_memory_win.cc(73)] ReadMemory at 0x7ffbe3fe0000 of 64 bytes failed: ?????? ReadProcessMemory ??? WriteProcessMemory ??? ???????? ?????? ????????. (0x12B)
[0312/110712.446:WARNING:pe_image_reader.cc(340)] could not read dos header from C:\Program Files (x86)\Google\Chrome\Application\80.0.3987.132\chrome.dll
[0312/110712.446:ERROR:process_memory_win.cc(73)] ReadMemory at 0x7ffc17b10000 of 64 bytes failed: ?????? ReadProcessMemory ??? WriteProcessMemory ??? ???????? ?????? ????????. (0x12B)
[0312/110712.446:WARNING:pe_image_reader.cc(340)] could not read dos header from C:\Windows\System32\WS2_32.dll
[0312/110712.446:ERROR:process_memory_win.cc(73)] ReadMemory at 0x7ffc16e20000 of 64 bytes failed: ?????? ReadProcessMemory ??? WriteProcessMemory ??? ???????? ?????? ????????. (0x12B)
[0312/110712.446:WARNING:pe_image_reader.cc(340)] could not read dos header from C:\Windows\System32\OLEAUT32.dll
[0312/110712.446:ERROR:process_memory_win.cc(73)] ReadMemory at 0x7ffc15b00000 of 64 bytes failed: ?????? ReadProcessMemory ??? WriteProcessMemory ??? ???????? ?????? ????????. (0x12B)
[0312/110712.446:WARNING:pe_image_reader.cc(340)] could not read dos header from C:\Windows\System32\msvcp_win.dll
[0312/110712.446:ERROR:process_memory_win.cc(73)] ReadMemory at 0x7ffc15fd0000 of 64 bytes failed: ?????? ReadProcessMemory ??? WriteProcessMemory ??? ???????? ?????? ????????. (0x12B)
[0312/110712.446:WARNING:pe_image_reader.cc(340)] could not read dos header from C:\Windows\System32\ucrtbase.dll
[0312/110712.446:ERROR:process_memory_win.cc(73)] ReadMemory at 0x7ffc176b0000 of 64 bytes failed: ?????? ReadProcessMemory ??? WriteProcessMemory ??? ???????? ?????? ????????. (0x12B)
[0312/110712.446:WARNING:pe_image_reader.cc(340)] could not read dos header from C:\Windows\System32\combase.dll
[0312/110712.446:ERROR:process_memory_win.cc(73)] ReadMemory at 0x7ffc15950000 of 64 bytes failed: ?????? ReadProcessMemory ??? WriteProcessMemory ??? ???????? ?????? ????????. (0x12B)
[0312/110712.447:WARNING:pe_image_reader.cc(340)] could not read dos header from C:\Windows\System32\WINTRUST.dll
[0312/110712.447:ERROR:process_memory_win.cc(73)] ReadMemory at 0x7ffc14f20000 of 64 bytes failed: ?????? ReadProcessMemory ??? WriteProcessMemory ??? ???????? ?????? ????????. (0x12B)
[0312/110712.447:WARNING:pe_image_reader.cc(340)] could not read dos header from C:\Windows\System32\MSASN1.dll
[0312/110712.447:ERROR:process_memory_win.cc(73)] ReadMemory at 0x7ffc159b0000 of 64 bytes failed: ?????? ReadProcessMemory ??? WriteProcessMemory ??? ???????? ?????? ????????. (0x12B)
[0312/110712.447:WARNING:pe_image_reader.cc(340)] could not read dos header from C:\Windows\System32\CRYPT32.dll
[0312/110712.447:ERROR:process_memory_win.cc(73)] ReadMemory at 0x7ffc14410000 of 64 bytes failed: ?????? ReadProcessMemory ??? WriteProcessMemory ??? ???????? ?????? ????????. (0x12B)
[0312/110712.447:WARNING:pe_image_reader.cc(340)] could not read dos header from C:\Windows\SYSTEM32\IPHLPAPI.DLL
[0312/110712.447:ERROR:process_memory_win.cc(73)] ReadMemory at 0x7ffc12d80000 of 64 bytes failed: ?????? ReadProcessMemory ??? WriteProcessMemory ??? ???????? ?????? ????????. (0x12B)
[0312/110712.447:WARNING:pe_image_reader.cc(340)] could not read dos header from C:\Windows\SYSTEM32\WINMM.dll
[0312/110712.447:ERROR:process_memory_win.cc(73)] ReadMemory at 0x7ffbfe050000 of 64 bytes failed: ?????? ReadProcessMemory ??? WriteProcessMemory ??? ???????? ?????? ????????. (0x12B)
[0312/110712.447:WARNING:pe_image_reader.cc(340)] could not read dos header from C:\Windows\SYSTEM32\Secur32.dll
[0312/110712.447:ERROR:process_memory_win.cc(73)] ReadMemory at 0x7ffc14de0000 of 64 bytes failed: ?????? ReadProcessMemory ??? WriteProcessMemory ??? ???????? ?????? ????????. (0x12B)
[0312/110712.447:WARNING:pe_image_reader.cc(340)] could not read dos header from C:\Windows\SYSTEM32\USERENV.dll
[0312/110712.447:ERROR:process_memory_win.cc(73)] ReadMemory at 0x7ffc14f90000 of 64 bytes failed: ?????? ReadProcessMemory ??? WriteProcessMemory ??? ???????? ?????? ????????. (0x12B)
[0312/110712.447:WARNING:pe_image_reader.cc(340)] could not read dos header from C:\Windows\System32\profapi.dll
[0312/110712.447:ERROR:process_memory_win.cc(73)] ReadMemory at 0x7ffc04a80000 of 64 bytes failed: ?????? ReadProcessMemory ??? WriteProcessMemory ??? ???????? ?????? ????????. (0x12B)
[0312/110712.447:WARNING:pe_image_reader.cc(340)] could not read dos header from C:\Windows\SYSTEM32\UIAutomationCore.DLL
[0312/110712.447:ERROR:process_memory_win.cc(73)] ReadMemory at 0x7ffc08760000 of 64 bytes failed: ?????? ReadProcessMemory ??? WriteProcessMemory ??? ???????? ?????? ????????. (0x12B)
[0312/110712.447:WARNING:pe_image_reader.cc(340)] could not read dos header from C:\Windows\SYSTEM32\DWrite.dll
[0312/110712.447:ERROR:process_memory_win.cc(73)] ReadMemory at 0x7ffc08ae0000 of 64 bytes failed: ?????? ReadProcessMemory ??? WriteProcessMemory ??? ???????? ?????? ????????. (0x12B)
[0312/110712.447:WARNING:pe_image_reader.cc(340)] could not read dos header from C:\Windows\SYSTEM32\WINSPOOL.DRV
[0312/110712.448:ERROR:process_memory_win.cc(73)] ReadMemory at 0x7ffc14f00000 of 64 bytes failed: ?????? ReadProcessMemory ??? WriteProcessMemory ??? ???????? ?????? ????????. (0x12B)
[0312/110712.448:WARNING:pe_image_reader.cc(340)] could not read dos header from C:\Windows\System32\kernel.appcore.dll
[0312/110712.448:ERROR:process_memory_win.cc(73)] ReadMemory at 0x7ffc15ba0000 of 64 bytes failed: ?????? ReadProcessMemory ??? WriteProcessMemory ??? ???????? ?????? ????????. (0x12B)
[0312/110712.448:WARNING:pe_image_reader.cc(340)] could not read dos header from C:\Windows\System32\bcrypt.dll
[0312/110712.448:ERROR:process_memory_win.cc(73)] ReadMemory at 0x7ffc10020000 of 64 bytes failed: ?????? ReadProcessMemory ??? WriteProcessMemory ??? ???????? ?????? ????????. (0x12B)
[0312/110712.448:WARNING:pe_image_reader.cc(340)] could not read dos header from C:\Windows\SYSTEM32\dbghelp.dll
[0312/110712.448:ERROR:process_memory_win.cc(73)] ReadMemory at 0x7ffc07d20000 of 64 bytes failed: ?????? ReadProcessMemory ??? WriteProcessMemory ??? ???????? ?????? ????????. (0x12B)
[0312/110712.448:WARNING:pe_image_reader.cc(340)] could not read dos header from C:\Windows\SYSTEM32\WINHTTP.dll
[0312/110712.448:ERROR:process_memory_win.cc(73)] ReadMemory at 0x7ffc0c670000 of 64 bytes failed: ?????? ReadProcessMemory ??? WriteProcessMemory ??? ???????? ?????? ????????. (0x12B)
[0312/110712.448:WARNING:pe_image_reader.cc(340)] could not read dos header from C:\Windows\SYSTEM32\dhcpcsvc.DLL
[0312/110712.448:ERROR:process_memory_win.cc(73)] ReadMemory at 0x7ffc17b00000 of 64 bytes failed: ?????? ReadProcessMemory ??? WriteProcessMemory ??? ???????? ?????? ????????. (0x12B)
[0312/110712.448:WARNING:pe_image_reader.cc(340)] could not read dos header from C:\Windows\System32\NSI.dll
[0312/110712.448:ERROR:process_memory_win.cc(73)] ReadMemory at 0x7ffc12d50000 of 64 bytes failed: ?????? ReadProcessMemory ??? WriteProcessMemory ??? ???????? ?????? ????????. (0x12B)
[0312/110712.448:WARNING:pe_image_reader.cc(340)] could not read dos header from C:\Windows\SYSTEM32\WINMMBASE.dll
[0312/110712.448:ERROR:process_memory_win.cc(73)] ReadMemory at 0x7ffc15f80000 of 64 bytes failed: ?????? ReadProcessMemory ??? WriteProcessMemory ??? ???????? ?????? ????????. (0x12B)
[0312/110712.448:WARNING:pe_image_reader.cc(340)] could not read dos header from C:\Windows\System32\cfgmgr32.dll
[0312/110712.448:ERROR:process_memory_win.cc(73)] ReadMemory at 0x7ffc118d0000 of 64 bytes failed: ?????? ReadProcessMemory ??? WriteProcessMemory ??? ???????? ?????? ????????. (0x12B)
[0312/110712.448:WARNING:pe_image_reader.cc(340)] could not read dos header from C:\Windows\SYSTEM32\PROPSYS.dll
[0312/110712.448:ERROR:process_memory_win.cc(73)] ReadMemory at 0x7ffc16b90000 of 64 bytes failed: ?????? ReadProcessMemory ??? WriteProcessMemory ??? ???????? ?????? ????????. (0x12B)
[0312/110712.449:WARNING:pe_image_reader.cc(340)] could not read dos header from C:\Windows\System32\shcore.dll
[0312/110712.449:ERROR:process_memory_win.cc(73)] ReadMemory at 0x7ffc14e10000 of 64 bytes failed: ?????? ReadProcessMemory ??? WriteProcessMemory ??? ???????? ?????? ????????. (0x12B)
[0312/110712.449:WARNING:pe_image_reader.cc(340)] could not read dos header from C:\Windows\SYSTEM32\SSPICLI.DLL
[0312/110712.449:ERROR:process_memory_win.cc(73)] ReadMemory at 0x7ffc148d0000 of 64 bytes failed: ?????? ReadProcessMemory ??? WriteProcessMemory ??? ???????? ?????? ????????. (0x12B)
[0312/110712.449:WARNING:pe_image_reader.cc(340)] could not read dos header from C:\Windows\SYSTEM32\CRYPTBASE.DLL
[0312/110712.449:ERROR:process_memory_win.cc(73)] ReadMemory at 0x7ff6b96c0000 of 64 bytes failed: ?????? ReadProcessMemory ??? WriteProcessMemory ??? ???????? ?????? ????????. (0x12B)
[0312/110712.449:WARNING:pe_image_reader.cc(340)] could not read dos header from C:\Program Files (x86)\Google\Chrome\Application\chrome.exe
[0312/110712.449:ERROR:process_memory_win.cc(73)] ReadMemory at 0x7ffc18020000 of 64 bytes failed: ?????? ReadProcessMemory ??? WriteProcessMemory ??? ???????? ?????? ????????. (0x12B)
[0312/110712.449:WARNING:pe_image_reader.cc(340)] could not read dos header from C:\Windows\SYSTEM32\ntdll.dll
[0312/110712.449:ERROR:process_memory_win.cc(73)] ReadMemory at 0x7ffc16150000 of 64 bytes failed: ?????? ReadProcessMemory ??? WriteProcessMemory ??? ???????? ?????? ????????. (0x12B)
[0312/110712.449:WARNING:pe_image_reader.cc(340)] could not read dos header from C:\Windows\System32\KERNEL32.DLL
[0312/110712.449:ERROR:process_memory_win.cc(73)] ReadMemory at 0x7ffc15c00000 of 64 bytes failed: ?????? ReadProcessMemory ??? WriteProcessMemory ??? ???????? ?????? ????????. (0x12B)
[0312/110712.449:WARNING:pe_image_reader.cc(340)] could not read dos header from C:\Windows\System32\KERNELBASE.dll
[0312/110712.449:ERROR:process_memory_win.cc(73)] ReadMemory at 0x7ffbebd40000 of 64 bytes failed: ?????? ReadProcessMemory ??? WriteProcessMemory ??? ???????? ?????? ????????. (0x12B)
[0312/110712.449:WARNING:pe_image_reader.cc(340)] could not read dos header from C:\Program Files (x86)\Google\Chrome\Application\80.0.3987.132\chrome_elf.dll
[0312/110712.449:ERROR:process_memory_win.cc(73)] ReadMemory at 0x7ffc10550000 of 64 bytes failed: ?????? ReadProcessMemory ??? WriteProcessMemory ??? ???????? ?????? ????????. (0x12B)
[0312/110712.449:WARNING:pe_image_reader.cc(340)] could not read dos header from C:\Windows\SYSTEM32\VERSION.dll
[0312/110712.449:ERROR:process_memory_win.cc(73)] ReadMemory at 0x7ffc17a60000 of 64 bytes failed: ?????? ReadProcessMemory ??? WriteProcessMemory ??? ???????? ?????? ????????. (0x12B)
[0312/110712.449:WARNING:pe_image_reader.cc(340)] could not read dos header from C:\Windows\System32\msvcrt.dll
[0312/110712.449:ERROR:process_memory_win.cc(73)] ReadMemory at 0x7ffc15730000 of 64 bytes failed: ?????? ReadProcessMemory ??? WriteProcessMemory ??? ???????? ?????? ????????. (0x12B)
[0312/110712.449:WARNING:pe_image_reader.cc(340)] could not read dos header from C:\Windows\System32\bcryptPrimitives.dll
[0312/110712.450:ERROR:process_memory_win.cc(73)] ReadMemory at 0x7ffc17e50000 of 64 bytes failed: ?????? ReadProcessMemory ??? WriteProcessMemory ??? ???????? ?????? ????????. (0x12B)
[0312/110712.450:WARNING:pe_image_reader.cc(340)] could not read dos header from C:\Windows\System32\ADVAPI32.dll
[0312/110712.450:ERROR:process_memory_win.cc(73)] ReadMemory at 0x7ffc16d80000 of 64 bytes failed: ?????? ReadProcessMemory ??? WriteProcessMemory ??? ???????? ?????? ????????. (0x12B)
[0312/110712.450:WARNING:pe_image_reader.cc(340)] could not read dos header from C:\Windows\System32\sechost.dll
[0312/110712.450:ERROR:process_memory_win.cc(73)] ReadMemory at 0x7ffc17d30000 of 64 bytes failed: ?????? ReadProcessMemory ??? WriteProcessMemory ??? ???????? ?????? ????????. (0x12B)
[0312/110712.450:WARNING:pe_image_reader.cc(340)] could not read dos header from C:\Windows\System32\RPCRT4.dll
[0312/110712.450:ERROR:process_memory_win.cc(73)] ReadMemory at 0x7ffbe3fe0000 of 64 bytes failed: ?????? ReadProcessMemory ??? WriteProcessMemory ??? ???????? ?????? ????????. (0x12B)
[0312/110712.450:WARNING:pe_image_reader.cc(340)] could not read dos header from C:\Program Files (x86)\Google\Chrome\Application\80.0.3987.132\chrome.dll
[0312/110712.450:ERROR:process_memory_win.cc(73)] ReadMemory at 0x7ffc17b10000 of 64 bytes failed: ?????? ReadProcessMemory ??? WriteProcessMemory ??? ???????? ?????? ????????. (0x12B)
[0312/110712.450:WARNING:pe_image_reader.cc(340)] could not read dos header from C:\Windows\System32\WS2_32.dll
[0312/110712.450:ERROR:process_memory_win.cc(73)] ReadMemory at 0x7ffc16e20000 of 64 bytes failed: ?????? ReadProcessMemory ??? WriteProcessMemory ??? ???????? ?????? ????????. (0x12B)
[0312/110712.450:WARNING:pe_image_reader.cc(340)] could not read dos header from C:\Windows\System32\OLEAUT32.dll
[0312/110712.450:ERROR:process_memory_win.cc(73)] ReadMemory at 0x7ffc15b00000 of 64 bytes failed: ?????? ReadProcessMemory ??? WriteProcessMemory ??? ???????? ?????? ????????. (0x12B)
[0312/110712.450:WARNING:pe_image_reader.cc(340)] could not read dos header from C:\Windows\System32\msvcp_win.dll
[0312/110712.450:ERROR:process_memory_win.cc(73)] ReadMemory at 0x7ffc15fd0000 of 64 bytes failed: ?????? ReadProcessMemory ??? WriteProcessMemory ??? ???????? ?????? ????????. (0x12B)
[0312/110712.450:WARNING:pe_image_reader.cc(340)] could not read dos header from C:\Windows\System32\ucrtbase.dll
[0312/110712.450:ERROR:process_memory_win.cc(73)] ReadMemory at 0x7ffc176b0000 of 64 bytes failed: ?????? ReadProcessMemory ??? WriteProcessMemory ??? ???????? ?????? ????????. (0x12B)
[0312/110712.450:WARNING:pe_image_reader.cc(340)] could not read dos header from C:\Windows\System32\combase.dll
[0312/110712.451:ERROR:process_memory_win.cc(73)] ReadMemory at 0x7ffc15950000 of 64 bytes failed: ?????? ReadProcessMemory ??? WriteProcessMemory ??? ???????? ?????? ????????. (0x12B)
[0312/110712.451:WARNING:pe_image_reader.cc(340)] could not read dos header from C:\Windows\System32\WINTRUST.dll
[0312/110712.451:ERROR:process_memory_win.cc(73)] ReadMemory at 0x7ffc14f20000 of 64 bytes failed: ?????? ReadProcessMemory ??? WriteProcessMemory ??? ???????? ?????? ????????. (0x12B)
[0312/110712.451:WARNING:pe_image_reader.cc(340)] could not read dos header from C:\Windows\System32\MSASN1.dll
[0312/110712.451:ERROR:process_memory_win.cc(73)] ReadMemory at 0x7ffc159b0000 of 64 bytes failed: ?????? ReadProcessMemory ??? WriteProcessMemory ??? ???????? ?????? ????????. (0x12B)
[0312/110712.451:WARNING:pe_image_reader.cc(340)] could not read dos header from C:\Windows\System32\CRYPT32.dll
[0312/110712.451:ERROR:process_memory_win.cc(73)] ReadMemory at 0x7ffc14410000 of 64 bytes failed: ?????? ReadProcessMemory ??? WriteProcessMemory ??? ???????? ?????? ????????. (0x12B)
[0312/110712.451:WARNING:pe_image_reader.cc(340)] could not read dos header from C:\Windows\SYSTEM32\IPHLPAPI.DLL
[0312/110712.451:ERROR:process_memory_win.cc(73)] ReadMemory at 0x7ffc12d80000 of 64 bytes failed: ?????? ReadProcessMemory ??? WriteProcessMemory ??? ???????? ?????? ????????. (0x12B)
[0312/110712.451:WARNING:pe_image_reader.cc(340)] could not read dos header from C:\Windows\SYSTEM32\WINMM.dll
[0312/110712.451:ERROR:process_memory_win.cc(73)] ReadMemory at 0x7ffbfe050000 of 64 bytes failed: ?????? ReadProcessMemory ??? WriteProcessMemory ??? ???????? ?????? ????????. (0x12B)
[0312/110712.451:WARNING:pe_image_reader.cc(340)] could not read dos header from C:\Windows\SYSTEM32\Secur32.dll
[0312/110712.451:ERROR:process_memory_win.cc(73)] ReadMemory at 0x7ffc14de0000 of 64 bytes failed: ?????? ReadProcessMemory ??? WriteProcessMemory ??? ???????? ?????? ????????. (0x12B)
[0312/110712.451:WARNING:pe_image_reader.cc(340)] could not read dos header from C:\Windows\SYSTEM32\USERENV.dll
[0312/110712.451:ERROR:process_memory_win.cc(73)] ReadMemory at 0x7ffc14f90000 of 64 bytes failed: ?????? ReadProcessMemory ??? WriteProcessMemory ??? ???????? ?????? ????????. (0x12B)
[0312/110712.451:WARNING:pe_image_reader.cc(340)] could not read dos header from C:\Windows\System32\profapi.dll
[0312/110712.451:ERROR:process_memory_win.cc(73)] ReadMemory at 0x7ffc04a80000 of 64 bytes failed: ?????? ReadProcessMemory ??? WriteProcessMemory ??? ???????? ?????? ????????. (0x12B)
[0312/110712.451:WARNING:pe_image_reader.cc(340)] could not read dos header from C:\Windows\SYSTEM32\UIAutomationCore.DLL
[0312/110712.451:ERROR:process_memory_win.cc(73)] ReadMemory at 0x7ffc08760000 of 64 bytes failed: ?????? ReadProcessMemory ??? WriteProcessMemory ??? ???????? ?????? ????????. (0x12B)
[0312/110712.452:WARNING:pe_image_reader.cc(340)] could not read dos header from C:\Windows\SYSTEM32\DWrite.dll
[0312/110712.452:ERROR:process_memory_win.cc(73)] ReadMemory at 0x7ffc08ae0000 of 64 bytes failed: ?????? ReadProcessMemory ??? WriteProcessMemory ??? ???????? ?????? ????????. (0x12B)
[0312/110712.452:WARNING:pe_image_reader.cc(340)] could not read dos header from C:\Windows\SYSTEM32\WINSPOOL.DRV
[0312/110712.452:ERROR:process_memory_win.cc(73)] ReadMemory at 0x7ffc14f00000 of 64 bytes failed: ?????? ReadProcessMemory ??? WriteProcessMemory ??? ???????? ?????? ????????. (0x12B)
[0312/110712.452:WARNING:pe_image_reader.cc(340)] could not read dos header from C:\Windows\System32\kernel.appcore.dll
[0312/110712.452:ERROR:process_memory_win.cc(73)] ReadMemory at 0x7ffc15ba0000 of 64 bytes failed: ?????? ReadProcessMemory ??? WriteProcessMemory ??? ???????? ?????? ????????. (0x12B)
[0312/110712.452:WARNING:pe_image_reader.cc(340)] could not read dos header from C:\Windows\System32\bcrypt.dll
[0312/110712.452:ERROR:process_memory_win.cc(73)] ReadMemory at 0x7ffc10020000 of 64 bytes failed: ?????? ReadProcessMemory ??? WriteProcessMemory ??? ???????? ?????? ????????. (0x12B)
[0312/110712.452:WARNING:pe_image_reader.cc(340)] could not read dos header from C:\Windows\SYSTEM32\dbghelp.dll
[0312/110712.452:ERROR:process_memory_win.cc(73)] ReadMemory at 0x7ffc07d20000 of 64 bytes failed: ?????? ReadProcessMemory ??? WriteProcessMemory ??? ???????? ?????? ????????. (0x12B)
[0312/110712.452:WARNING:pe_image_reader.cc(340)] could not read dos header from C:\Windows\SYSTEM32\WINHTTP.dll
[0312/110712.452:ERROR:process_memory_win.cc(73)] ReadMemory at 0x7ffc0c670000 of 64 bytes failed: ?????? ReadProcessMemory ??? WriteProcessMemory ??? ???????? ?????? ????????. (0x12B)
[0312/110712.452:WARNING:pe_image_reader.cc(340)] could not read dos header from C:\Windows\SYSTEM32\dhcpcsvc.DLL
[0312/110712.452:ERROR:process_memory_win.cc(73)] ReadMemory at 0x7ffc17b00000 of 64 bytes failed: ?????? ReadProcessMemory ??? WriteProcessMemory ??? ???????? ?????? ????????. (0x12B)
[0312/110712.452:WARNING:pe_image_reader.cc(340)] could not read dos header from C:\Windows\System32\NSI.dll
[0312/110712.452:ERROR:process_memory_win.cc(73)] ReadMemory at 0x7ffc12d50000 of 64 bytes failed: ?????? ReadProcessMemory ??? WriteProcessMemory ??? ???????? ?????? ????????. (0x12B)
[0312/110712.452:WARNING:pe_image_reader.cc(340)] could not read dos header from C:\Windows\SYSTEM32\WINMMBASE.dll
[0312/110712.452:ERROR:process_memory_win.cc(73)] ReadMemory at 0x7ffc15f80000 of 64 bytes failed: ?????? ReadProcessMemory ??? WriteProcessMemory ??? ???????? ?????? ????????. (0x12B)
[0312/110712.452:WARNING:pe_image_reader.cc(340)] could not read dos header from C:\Windows\System32\cfgmgr32.dll
[0312/110712.452:ERROR:process_memory_win.cc(73)] ReadMemory at 0x7ffc118d0000 of 64 bytes failed: ?????? ReadProcessMemory ??? WriteProcessMemory ??? ???????? ?????? ????????. (0x12B)
[0312/110712.452:WARNING:pe_image_reader.cc(340)] could not read dos header from C:\Windows\SYSTEM32\PROPSYS.dll
[0312/110712.452:ERROR:process_memory_win.cc(73)] ReadMemory at 0x7ffc16b90000 of 64 bytes failed: ?????? ReadProcessMemory ??? WriteProcessMemory ??? ???????? ?????? ????????. (0x12B)
[0312/110712.453:WARNING:pe_image_reader.cc(340)] could not read dos header from C:\Windows\System32\shcore.dll
[0312/110712.453:ERROR:process_memory_win.cc(73)] ReadMemory at 0x7ffc14e10000 of 64 bytes failed: ?????? ReadProcessMemory ??? WriteProcessMemory ??? ???????? ?????? ????????. (0x12B)
[0312/110712.453:WARNING:pe_image_reader.cc(340)] could not read dos header from C:\Windows\SYSTEM32\SSPICLI.DLL
[0312/110712.453:ERROR:process_memory_win.cc(73)] ReadMemory at 0x7ffc148d0000 of 64 bytes failed: ?????? ReadProcessMemory ??? WriteProcessMemory ??? ???????? ?????? ????????. (0x12B)
[0312/110712.453:WARNING:pe_image_reader.cc(340)] could not read dos header from C:\Windows\SYSTEM32\CRYPTBASE.DLL
[0312/110712.568:ERROR:process_memory_win.cc(73)] ReadMemory at 0x22a73f6000 of 40960 bytes failed: ?????? ReadProcessMemory ??? WriteProcessMemory ??? ???????? ?????? ????????. (0x12B)
[0312/110712.568:ERROR:process_memory_win.cc(73)] ReadMemory at 0x22a7bfd000 of 12288 bytes failed: ?????? ReadProcessMemory ??? WriteProcessMemory ??? ???????? ?????? ????????. (0x12B)
[0312/110712.568:ERROR:process_memory_win.cc(73)] ReadMemory at 0x22a83f6000 of 40960 bytes failed: ?????? ReadProcessMemory ??? WriteProcessMemory ??? ???????? ?????? ????????. (0x12B)
[0312/110712.568:ERROR:process_memory_win.cc(73)] ReadMemory at 0x22a8bfc000 of 16384 bytes failed: ?????? ReadProcessMemory ??? WriteProcessMemory ??? ???????? ?????? ????????. (0x12B)
[0312/110712.568:ERROR:process_memory_win.cc(73)] ReadMemory at 0x22a93fc000 of 16384 bytes failed: ?????? ReadProcessMemory ??? WriteProcessMemory ??? ???????? ?????? ????????. (0x12B)
[0312/110712.568:ERROR:process_memory_win.cc(73)] ReadMemory at 0x22a9bff000 of 4096 bytes failed: ?????? ReadProcessMemory ??? WriteProcessMemory ??? ???????? ?????? ????????. (0x12B)
[0312/110712.568:ERROR:process_memory_win.cc(73)] ReadMemory at 0x22aa3fd000 of 12288 bytes failed: ?????? ReadProcessMemory ??? WriteProcessMemory ??? ???????? ?????? ????????. (0x12B)
[0312/110712.569:ERROR:process_memory_win.cc(73)] ReadMemory at 0x22aabfb000 of 20480 bytes failed: ?????? ReadProcessMemory ??? WriteProcessMemory ??? ???????? ?????? ????????. (0x12B)
[0312/110712.569:ERROR:process_memory_win.cc(73)] ReadMemory at 0x22abbfd000 of 12288 bytes failed: ?????? ReadProcessMemory ??? WriteProcessMemory ??? ???????? ?????? ????????. (0x12B)
[0312/110712.569:ERROR:process_memory_win.cc(73)] ReadMemory at 0x22ac3fd000 of 12288 bytes failed: ?????? ReadProcessMemory ??? WriteProcessMemory ??? ???????? ?????? ????????. (0x12B)
[0312/110712.569:ERROR:process_memory_win.cc(73)] ReadMemory at 0x22acbfd000 of 12288 bytes failed: ?????? ReadProcessMemory ??? WriteProcessMemory ??? ???????? ?????? ????????. (0x12B)
[0312/110712.569:ERROR:process_memory_win.cc(73)] ReadMemory at 0x22ad3fd000 of 12288 bytes failed: ?????? ReadProcessMemory ??? WriteProcessMemory ??? ???????? ?????? ????????. (0x12B)
[0312/110712.569:ERROR:process_memory_win.cc(73)] ReadMemory at 0x22ab3fb000 of 20480 bytes failed: ?????? ReadProcessMemory ??? WriteProcessMemory ??? ???????? ?????? ????????. (0x12B)
[0312/110712.569:ERROR:process_memory_win.cc(73)] ReadMemory at 0x22adbfc000 of 16384 bytes failed: ?????? ReadProcessMemory ??? WriteProcessMemory ??? ???????? ?????? ????????. (0x12B)
[0312/110712.569:ERROR:process_memory_win.cc(73)] ReadMemory at 0x22ae3ff000 of 4096 bytes failed: ?????? ReadProcessMemory ??? WriteProcessMemory ??? ???????? ?????? ????????. (0x12B)
[0312/110712.569:ERROR:process_memory_win.cc(73)] ReadMemory at 0x22a6b3a000 of 852 bytes failed: ?????? ReadProcessMemory ??? WriteProcessMemory ??? ???????? ?????? ????????. (0x12B)
[0312/110712.570:ERROR:process_memory_win.cc(73)] ReadMemory at 0x22a6b3b000 of 6024 bytes failed: ?????? ReadProcessMemory ??? WriteProcessMemory ??? ???????? ?????? ????????. (0x12B)
[0312/110712.570:ERROR:process_memory_win.cc(73)] ReadMemory at 0x22a6b3d000 of 6024 bytes failed: ?????? ReadProcessMemory ??? WriteProcessMemory ??? ???????? ?????? ????????. (0x12B)
[0312/110712.570:ERROR:process_memory_win.cc(73)] ReadMemory at 0x22a6b3f000 of 6024 bytes failed: ?????? ReadProcessMemory ??? WriteProcessMemory ??? ???????? ?????? ????????. (0x12B)
[0312/110712.570:ERROR:process_memory_win.cc(73)] ReadMemory at 0x22a6b41000 of 6024 bytes failed: ?????? ReadProcessMemory ??? WriteProcessMemory ??? ???????? ?????? ????????. (0x12B)
[0312/110712.570:ERROR:process_memory_win.cc(73)] ReadMemory at 0x22a6b43000 of 6024 bytes failed: ?????? ReadProcessMemory ??? WriteProcessMemory ??? ???????? ?????? ????????. (0x12B)
[0312/110712.570:ERROR:process_memory_win.cc(73)] ReadMemory at 0x22a6b45000 of 6024 bytes failed: ?????? ReadProcessMemory ??? WriteProcessMemory ??? ???????? ?????? ????????. (0x12B)
[0312/110712.570:ERROR:process_memory_win.cc(73)] ReadMemory at 0x22a6b47000 of 6024 bytes failed: ?????? ReadProcessMemory ??? WriteProcessMemory ??? ???????? ?????? ????????. (0x12B)
[0312/110712.570:ERROR:process_memory_win.cc(73)] ReadMemory at 0x22a6b49000 of 6024 bytes failed: ?????? ReadProcessMemory ??? WriteProcessMemory ??? ???????? ?????? ????????. (0x12B)
[0312/110712.570:ERROR:process_memory_win.cc(73)] ReadMemory at 0x22a6b4d000 of 6024 bytes failed: ?????? ReadProcessMemory ??? WriteProcessMemory ??? ???????? ?????? ????????. (0x12B)
[0312/110712.571:ERROR:process_memory_win.cc(73)] ReadMemory at 0x22a6b4f000 of 6024 bytes failed: ?????? ReadProcessMemory ??? WriteProcessMemory ??? ???????? ?????? ????????. (0x12B)
[0312/110712.571:ERROR:process_memory_win.cc(73)] ReadMemory at 0x22a6b51000 of 6024 bytes failed: ?????? ReadProcessMemory ??? WriteProcessMemory ??? ???????? ?????? ????????. (0x12B)
[0312/110712.571:ERROR:process_memory_win.cc(73)] ReadMemory at 0x22a6b53000 of 6024 bytes failed: ?????? ReadProcessMemory ??? WriteProcessMemory ??? ???????? ?????? ????????. (0x12B)
[0312/110712.571:ERROR:process_memory_win.cc(73)] ReadMemory at 0x22a6b55000 of 6024 bytes failed: ?????? ReadProcessMemory ??? WriteProcessMemory ??? ???????? ?????? ????????. (0x12B)
[0312/110712.571:ERROR:process_memory_win.cc(73)] ReadMemory at 0x22a6b57000 of 6024 bytes failed: ?????? ReadProcessMemory ??? WriteProcessMemory ??? ???????? ?????? ????????. (0x12B)
[0312/110712.571:ERROR:process_memory_win.cc(73)] ReadMemory at 0x22a6b59000 of 6024 bytes failed: ?????? ReadProcessMemory ??? WriteProcessMemory ??? ???????? ?????? ????????. (0x12B)
[0312/110712.571:ERROR:process_memory_win.cc(73)] ReadMemory at 0x12953c70fe0 of 3678 bytes failed: ?????? ReadProcessMemory ??? WriteProcessMemory ??? ???????? ?????? ????????. (0x12B)
[0312/110712.571:ERROR:process_memory_win.cc(73)] ReadMemory at 0x12953c71e50 of 1012 bytes failed: ?????? ReadProcessMemory ??? WriteProcessMemory ??? ???????? ?????? ????????. (0x12B)
[0312/110712.571:ERROR:process_memory_win.cc(73)] ReadMemory at 0x12953c72498 of 118 bytes failed: ?????? ReadProcessMemory ??? WriteProcessMemory ??? ???????? ?????? ????????. (0x12B)
[0312/110712.572:ERROR:process_memory_win.cc(73)] ReadMemory at 0x12953c72510 of 830 bytes failed: ?????? ReadProcessMemory ??? WriteProcessMemory ??? ???????? ?????? ????????. (0x12B)
[0312/110712.572:ERROR:process_memory_win.cc(73)] ReadMemory at 0x12953c72850 of 118 bytes failed: ?????? ReadProcessMemory ??? WriteProcessMemory ??? ???????? ?????? ????????. (0x12B)
[0312/110712.572:ERROR:process_memory_win.cc(73)] ReadMemory at 0x12953c728c8 of 96 bytes failed: ?????? ReadProcessMemory ??? WriteProcessMemory ??? ???????? ?????? ????????. (0x12B)
[0312/110712.572:ERROR:process_memory_win.cc(73)] ReadMemory at 0x12953c72940 of 58 bytes failed: ?????? ReadProcessMemory ??? WriteProcessMemory ??? ???????? ?????? ????????. (0x12B)
[0312/110712.572:ERROR:process_memory_win.cc(73)] ReadMemory at 0x12953c72a40 of 132 bytes failed: ?????? ReadProcessMemory ??? WriteProcessMemory ??? ???????? ?????? ????????. (0x12B)
[0312/110712.572:ERROR:process_memory_win.cc(73)] ReadMemory at 0x12953c72bd0 of 132 bytes failed: ?????? ReadProcessMemory ??? WriteProcessMemory ??? ???????? ?????? ????????. (0x12B)
[0312/110712.572:ERROR:process_memory_win.cc(73)] ReadMemory at 0x12953c72d90 of 126 bytes failed: ?????? ReadProcessMemory ??? WriteProcessMemory ??? ???????? ?????? ????????. (0x12B)
[0312/110712.572:ERROR:process_memory_win.cc(73)] ReadMemory at 0x12953c73170 of 132 bytes failed: ?????? ReadProcessMemory ??? WriteProcessMemory ??? ???????? ?????? ????????. (0x12B)
[0312/110712.572:ERROR:process_memory_win.cc(73)] ReadMemory at 0x12953c73300 of 64 bytes failed: ?????? ReadProcessMemory ??? WriteProcessMemory ??? ???????? ?????? ????????. (0x12B)
[0312/110712.572:ERROR:process_memory_win.cc(73)] ReadMemory at 0x12953c73350 of 132 bytes failed: ?????? ReadProcessMemory ??? WriteProcessMemory ??? ???????? ?????? ????????. (0x12B)
[0312/110712.573:ERROR:process_memory_win.cc(73)] ReadMemory at 0x12953c734c0 of 132 bytes failed: ?????? ReadProcessMemory ??? WriteProcessMemory ??? ???????? ?????? ????????. (0x12B)
[0312/110712.573:ERROR:process_memory_win.cc(73)] ReadMemory at 0x12953c73760 of 132 bytes failed: ?????? ReadProcessMemory ??? WriteProcessMemory ??? ???????? ?????? ????????. (0x12B)
[0312/110712.573:ERROR:process_memory_win.cc(73)] ReadMemory at 0x12953c738f0 of 68 bytes failed: ?????? ReadProcessMemory ??? WriteProcessMemory ??? ???????? ?????? ????????. (0x12B)
[0312/110712.573:ERROR:process_memory_win.cc(73)] ReadMemory at 0x12953c74900 of 146 bytes failed: ?????? ReadProcessMemory ??? WriteProcessMemory ??? ???????? ?????? ????????. (0x12B)
[0312/110712.573:ERROR:process_memory_win.cc(73)] ReadMemory at 0x12953c749e0 of 132 bytes failed: ?????? ReadProcessMemory ??? WriteProcessMemory ??? ???????? ?????? ????????. (0x12B)
[0312/110712.573:ERROR:process_memory_win.cc(73)] ReadMemory at 0x12953c74b70 of 154 bytes failed: ?????? ReadProcessMemory ??? WriteProcessMemory ??? ???????? ?????? ????????. (0x12B)
[0312/110712.573:ERROR:process_memory_win.cc(73)] ReadMemory at 0x12953c759b0 of 60 bytes failed: ?????? ReadProcessMemory ??? WriteProcessMemory ??? ???????? ?????? ????????. (0x12B)
[0312/110712.573:ERROR:process_memory_win.cc(73)] ReadMemory at 0x12953c75a20 of 62 bytes failed: ?????? ReadProcessMemory ??? WriteProcessMemory ??? ???????? ?????? ????????. (0x12B)
[0312/110712.573:ERROR:process_memory_win.cc(73)] ReadMemory at 0x12953c760c0 of 132 bytes failed: ?????? ReadProcessMemory ??? WriteProcessMemory ??? ???????? ?????? ????????. (0x12B)
[0312/110712.573:ERROR:process_memory_win.cc(73)] ReadMemory at 0x12953c78f40 of 132 bytes failed: ?????? ReadProcessMemory ??? WriteProcessMemory ??? ???????? ?????? ????????. (0x12B)
[0312/110712.577:ERROR:process_memory_win.cc(73)] ReadMemory at 0x12953c79150 of 132 bytes failed: ?????? ReadProcessMemory ??? WriteProcessMemory ??? ???????? ?????? ????????. (0x12B)
[0312/110712.577:ERROR:process_memory_win.cc(73)] ReadMemory at 0x12953c796c0 of 60 bytes failed: ?????? ReadProcessMemory ??? WriteProcessMemory ??? ???????? ?????? ????????. (0x12B)
[0312/110712.577:ERROR:process_memory_win.cc(73)] ReadMemory at 0x12953c79800 of 64 bytes failed: ?????? ReadProcessMemory ??? WriteProcessMemory ??? ???????? ?????? ????????. (0x12B)
[0312/110712.577:ERROR:process_memory_win.cc(73)] ReadMemory at 0x12953c79850 of 66 bytes failed: ?????? ReadProcessMemory ??? WriteProcessMemory ??? ???????? ?????? ????????. (0x12B)
[0312/110712.577:ERROR:process_memory_win.cc(73)] ReadMemory at 0x12953c798f0 of 62 bytes failed: ?????? ReadProcessMemory ??? WriteProcessMemory ??? ???????? ?????? ????????. (0x12B)
[0312/110712.578:ERROR:process_memory_win.cc(73)] ReadMemory at 0x12953c79a80 of 64 bytes failed: ?????? ReadProcessMemory ??? WriteProcessMemory ??? ???????? ?????? ????????. (0x12B)
[0312/110712.578:ERROR:process_memory_win.cc(73)] ReadMemory at 0x12953c79ad0 of 64 bytes failed: ?????? ReadProcessMemory ??? WriteProcessMemory ??? ???????? ?????? ????????. (0x12B)
[0312/110712.578:ERROR:process_memory_win.cc(73)] ReadMemory at 0x12953c79b70 of 64 bytes failed: ?????? ReadProcessMemory ??? WriteProcessMemory ??? ???????? ?????? ????????. (0x12B)
[0312/110712.578:ERROR:process_memory_win.cc(73)] ReadMemory at 0x12953c79c10 of 62 bytes failed: ?????? ReadProcessMemory ??? WriteProcessMemory ??? ???????? ?????? ????????. (0x12B)
[0312/110712.578:ERROR:process_memory_win.cc(73)] ReadMemory at 0x12953c79da0 of 60 bytes failed: ?????? ReadProcessMemory ??? WriteProcessMemory ??? ???????? ?????? ????????. (0x12B)
[0312/110712.578:ERROR:process_memory_win.cc(73)] ReadMemory at 0x12953c7a280 of 132 bytes failed: ?????? ReadProcessMemory ??? WriteProcessMemory ??? ???????? ?????? ????????. (0x12B)
[0312/110712.578:ERROR:process_memory_win.cc(73)] ReadMemory at 0x12953c7a4b0 of 132 bytes failed: ?????? ReadProcessMemory ??? WriteProcessMemory ??? ???????? ?????? ????????. (0x12B)
[0312/110712.578:ERROR:process_memory_win.cc(73)] ReadMemory at 0x12953c7a640 of 80 bytes failed: ?????? ReadProcessMemory ??? WriteProcessMemory ??? ???????? ?????? ????????. (0x12B)
[0312/110712.578:ERROR:process_memory_win.cc(73)] ReadMemory at 0x12953c7afa0 of 132 bytes failed: ?????? ReadProcessMemory ??? WriteProcessMemory ??? ???????? ?????? ????????. (0x12B)
[0312/110712.578:ERROR:process_memory_win.cc(73)] ReadMemory at 0x12953c7b0d0 of 132 bytes failed: ?????? ReadProcessMemory ??? WriteProcessMemory ??? ???????? ?????? ????????. (0x12B)
[0312/110712.578:ERROR:process_memory_win.cc(73)] ReadMemory at 0x12953c7b200 of 132 bytes failed: ?????? ReadProcessMemory ??? WriteProcessMemory ??? ???????? ?????? ????????. (0x12B)
[0312/110712.579:ERROR:process_memory_win.cc(73)] ReadMemory at 0x12953c7b330 of 132 bytes failed: ?????? ReadProcessMemory ??? WriteProcessMemory ??? ???????? ?????? ????????. (0x12B)
[0312/110712.579:ERROR:process_memory_win.cc(73)] ReadMemory at 0x12953c7b460 of 132 bytes failed: ?????? ReadProcessMemory ??? WriteProcessMemory ??? ???????? ?????? ????????. (0x12B)
[0312/110712.579:ERROR:process_memory_win.cc(73)] ReadMemory at 0x12953c7b590 of 132 bytes failed: ?????? ReadProcessMemory ??? WriteProcessMemory ??? ???????? ?????? ????????. (0x12B)
[0312/110712.579:ERROR:process_memory_win.cc(73)] ReadMemory at 0x12953c7b6c0 of 132 bytes failed: ?????? ReadProcessMemory ??? WriteProcessMemory ??? ???????? ?????? ????????. (0x12B)
[0312/110712.579:ERROR:process_memory_win.cc(73)] ReadMemory at 0x12953c7b920 of 132 bytes failed: ?????? ReadProcessMemory ??? WriteProcessMemory ??? ???????? ?????? ????????. (0x12B)
[0312/110712.579:ERROR:process_memory_win.cc(73)] ReadMemory at 0x12953c7ba50 of 132 bytes failed: ?????? ReadProcessMemory ??? WriteProcessMemory ??? ???????? ?????? ????????. (0x12B)
[0312/110712.579:ERROR:process_memory_win.cc(73)] ReadMemory at 0x12953c7bb80 of 132 bytes failed: ?????? ReadProcessMemory ??? WriteProcessMemory ??? ???????? ?????? ????????. (0x12B)
[0312/110712.579:ERROR:process_memory_win.cc(73)] ReadMemory at 0x12953c7bcb0 of 132 bytes failed: ?????? ReadProcessMemory ??? WriteProcessMemory ??? ???????? ?????? ????????. (0x12B)
[0312/110712.579:ERROR:process_memory_win.cc(73)] ReadMemory at 0x12953c7bde0 of 132 bytes failed: ?????? ReadProcessMemory ??? WriteProcessMemory ??? ???????? ?????? ????????. (0x12B)
[0312/110712.580:ERROR:process_memory_win.cc(73)] ReadMemory at 0x12953c7c280 of 512 bytes failed: ?????? ReadProcessMemory ??? WriteProcessMemory ??? ???????? ?????? ????????. (0x12B)
[0312/110712.580:ERROR:process_memory_win.cc(73)] ReadMemory at 0x12953c7cd60 of 132 bytes failed: ?????? ReadProcessMemory ??? WriteProcessMemory ??? ???????? ?????? ????????. (0x12B)
[0312/110712.580:ERROR:process_memory_win.cc(73)] ReadMemory at 0x12953c7dac0 of 132 bytes failed: ?????? ReadProcessMemory ??? WriteProcessMemory ??? ???????? ?????? ????????. (0x12B)
[0312/110712.580:ERROR:process_memory_win.cc(73)] ReadMemory at 0x12953c7de10 of 132 bytes failed: ?????? ReadProcessMemory ??? WriteProcessMemory ??? ???????? ?????? ????????. (0x12B)
[0312/110712.580:ERROR:process_memory_win.cc(73)] ReadMemory at 0x12953c7ec70 of 54 bytes failed: ?????? ReadProcessMemory ??? WriteProcessMemory ??? ???????? ?????? ????????. (0x12B)
[0312/110712.580:ERROR:process_memory_win.cc(73)] ReadMemory at 0x12953c80fc0 of 132 bytes failed: ?????? ReadProcessMemory ??? WriteProcessMemory ??? ???????? ?????? ????????. (0x12B)
[0312/110712.580:ERROR:process_memory_win.cc(73)] ReadMemory at 0x12953c811e0 of 132 bytes failed: ?????? ReadProcessMemory ??? WriteProcessMemory ??? ???????? ?????? ????????. (0x12B)
[0312/110712.580:ERROR:process_memory_win.cc(73)] ReadMemory at 0x12953c841c0 of 76 bytes failed: ?????? ReadProcessMemory ??? WriteProcessMemory ??? ???????? ?????? ????????. (0x12B)
[0312/110712.580:ERROR:process_memory_win.cc(73)] ReadMemory at 0x12953c84520 of 80 bytes failed: ?????? ReadProcessMemory ??? WriteProcessMemory ??? ???????? ?????? ????????. (0x12B)
[0312/110712.580:ERROR:process_memory_win.cc(73)] ReadMemory at 0x12953c84870 of 60 bytes failed: ?????? ReadProcessMemory ??? WriteProcessMemory ??? ???????? ?????? ????????. (0x12B)
[0312/110712.580:ERROR:process_memory_win.cc(73)] ReadMemory at 0x12953c84910 of 62 bytes failed: ?????? ReadProcessMemory ??? WriteProcessMemory ??? ???????? ?????? ????????. (0x12B)
[0312/110712.581:ERROR:process_memory_win.cc(73)] ReadMemory at 0x12953c84a00 of 58 bytes failed: ?????? ReadProcessMemory ??? WriteProcessMemory ??? ???????? ?????? ????????. (0x12B)
[0312/110712.581:ERROR:process_memory_win.cc(73)] ReadMemory at 0x12953c84a50 of 62 bytes failed: ?????? ReadProcessMemory ??? WriteProcessMemory ??? ???????? ?????? ????????. (0x12B)
[0312/110712.581:ERROR:process_memory_win.cc(73)] ReadMemory at 0x12953c84aa0 of 64 bytes failed: ?????? ReadProcessMemory ??? WriteProcessMemory ??? ???????? ?????? ????????. (0x12B)
[0312/110712.581:ERROR:process_memory_win.cc(73)] ReadMemory at 0x12953c84af0 of 62 bytes failed: ?????? ReadProcessMemory ??? WriteProcessMemory ??? ???????? ?????? ????????. (0x12B)
[0312/110712.581:ERROR:process_memory_win.cc(73)] ReadMemory at 0x12953c84b90 of 66 bytes failed: ?????? ReadProcessMemory ??? WriteProcessMemory ??? ???????? ?????? ????????. (0x12B)
[0312/110712.581:ERROR:process_memory_win.cc(73)] ReadMemory at 0x12953c84f50 of 60 bytes failed: ?????? ReadProcessMemory ??? WriteProcessMemory ??? ???????? ?????? ????????. (0x12B)
[0312/110712.581:ERROR:process_memory_win.cc(73)] ReadMemory at 0x12953c84fa0 of 60 bytes failed: ?????? ReadProcessMemory ??? WriteProcessMemory ??? ???????? ?????? ????????. (0x12B)
[0312/110712.581:ERROR:process_memory_win.cc(73)] ReadMemory at 0x12953c84ff0 of 64 bytes failed: ?????? ReadProcessMemory ??? WriteProcessMemory ??? ???????? ?????? ????????. (0x12B)
[0312/110712.581:ERROR:process_memory_win.cc(73)] ReadMemory at 0x12953c85090 of 64 bytes failed: ?????? ReadProcessMemory ??? WriteProcessMemory ??? ???????? ?????? ????????. (0x12B)
[0312/110712.581:ERROR:process_memory_win.cc(73)] ReadMemory at 0x12953c850e0 of 62 bytes failed: ?????? ReadProcessMemory ??? WriteProcessMemory ??? ???????? ?????? ????????. (0x12B)
[0312/110712.581:ERROR:process_memory_win.cc(73)] ReadMemory at 0x12953c85130 of 62 bytes failed: ?????? ReadProcessMemory ??? WriteProcessMemory ??? ???????? ?????? ????????. (0x12B)
[0312/110712.582:ERROR:process_memory_win.cc(73)] ReadMemory at 0x12953c851d0 of 62 bytes failed: ?????? ReadProcessMemory ??? WriteProcessMemory ??? ???????? ?????? ????????. (0x12B)
[0312/110712.582:ERROR:process_memory_win.cc(73)] ReadMemory at 0x12953c852c0 of 62 bytes failed: ?????? ReadProcessMemory ??? WriteProcessMemory ??? ???????? ?????? ????????. (0x12B)
[0312/110712.582:ERROR:process_memory_win.cc(73)] ReadMemory at 0x12953c85360 of 62 bytes failed: ?????? ReadProcessMemory ??? WriteProcessMemory ??? ???????? ?????? ????????. (0x12B)
[0312/110712.582:ERROR:process_memory_win.cc(73)] ReadMemory at 0x12953c854f0 of 64 bytes failed: ?????? ReadProcessMemory ??? WriteProcessMemory ??? ???????? ?????? ????????. (0x12B)
[0312/110712.582:ERROR:process_memory_win.cc(73)] ReadMemory at 0x12953c85540 of 60 bytes failed: ?????? ReadProcessMemory ??? WriteProcessMemory ??? ???????? ?????? ????????. (0x12B)
[0312/110712.582:ERROR:process_memory_win.cc(73)] ReadMemory at 0x12953c85f50 of 132 bytes failed: ?????? ReadProcessMemory ??? WriteProcessMemory ??? ???????? ?????? ????????. (0x12B)
[0312/110712.582:ERROR:process_memory_win.cc(73)] ReadMemory at 0x12953c86080 of 132 bytes failed: ?????? ReadProcessMemory ??? WriteProcessMemory ??? ???????? ?????? ????????. (0x12B)
[0312/110712.582:ERROR:process_memory_win.cc(73)] ReadMemory at 0x12953c861b0 of 132 bytes failed: ?????? ReadProcessMemory ??? WriteProcessMemory ??? ???????? ?????? ????????. (0x12B)
[0312/110712.582:ERROR:process_memory_win.cc(73)] ReadMemory at 0x12953c862e0 of 132 bytes failed: ?????? ReadProcessMemory ??? WriteProcessMemory ??? ???????? ?????? ????????. (0x12B)
[0312/110712.582:ERROR:process_memory_win.cc(73)] ReadMemory at 0x12953c86540 of 132 bytes failed: ?????? ReadProcessMemory ??? WriteProcessMemory ??? ???????? ?????? ????????. (0x12B)
[0312/110712.583:ERROR:process_memory_win.cc(73)] ReadMemory at 0x12953c86670 of 132 bytes failed: ?????? ReadProcessMemory ??? WriteProcessMemory ??? ???????? ?????? ????????. (0x12B)
[0312/110712.583:ERROR:process_memory_win.cc(73)] ReadMemory at 0x12953c868d0 of 132 bytes failed: ?????? ReadProcessMemory ??? WriteProcessMemory ??? ???????? ?????? ????????. (0x12B)
[0312/110712.583:ERROR:process_memory_win.cc(73)] ReadMemory at 0x12953c86a00 of 132 bytes failed: ?????? ReadProcessMemory ??? WriteProcessMemory ??? ???????? ?????? ????????. (0x12B)
[0312/110712.583:ERROR:process_memory_win.cc(73)] ReadMemory at 0x12953c86c60 of 132 bytes failed: ?????? ReadProcessMemory ??? WriteProcessMemory ??? ???????? ?????? ????????. (0x12B)
[0312/110712.583:ERROR:process_memory_win.cc(73)] ReadMemory at 0x12953c875e0 of 132 bytes failed: ?????? ReadProcessMemory ??? WriteProcessMemory ??? ???????? ?????? ????????. (0x12B)
[0312/110712.583:ERROR:process_memory_win.cc(73)] ReadMemory at 0x12953c9de60 of 752 bytes failed: ?????? ReadProcessMemory ??? WriteProcessMemory ??? ???????? ?????? ????????. (0x12B)
[0312/110712.583:ERROR:process_memory_win.cc(73)] ReadMemory at 0x12953df0d00 of 512 bytes failed: ?????? ReadProcessMemory ??? WriteProcessMemory ??? ???????? ?????? ????????. (0x12B)
[0312/110712.583:ERROR:process_memory_win.cc(73)] ReadMemory at 0x12953f52680 of 512 bytes failed: ?????? ReadProcessMemory ??? WriteProcessMemory ??? ???????? ?????? ????????. (0x12B)
[0312/110712.583:ERROR:process_memory_win.cc(73)] ReadMemory at 0x12953f52b60 of 512 bytes failed: ?????? ReadProcessMemory ??? WriteProcessMemory ??? ???????? ?????? ????????. (0x12B)
[0312/110712.583:ERROR:process_memory_win.cc(73)] ReadMemory at 0x12953f54a90 of 512 bytes failed: ?????? ReadProcessMemory ??? WriteProcessMemory ??? ???????? ?????? ????????. (0x12B)
[0312/110712.583:ERROR:process_memory_win.cc(73)] ReadMemory at 0x12953f6bc10 of 712 bytes failed: ?????? ReadProcessMemory ??? WriteProcessMemory ??? ???????? ?????? ????????. (0x12B)
[0312/110712.584:ERROR:process_memory_win.cc(73)] ReadMemory at 0x12953f6d408 of 512 bytes failed: ?????? ReadProcessMemory ??? WriteProcessMemory ??? ???????? ?????? ????????. (0x12B)
[0312/110712.584:ERROR:process_memory_win.cc(73)] ReadMemory at 0x12953f6deb8 of 512 bytes failed: ?????? ReadProcessMemory ??? WriteProcessMemory ??? ???????? ?????? ????????. (0x12B)
[0312/110712.584:ERROR:process_memory_win.cc(73)] ReadMemory at 0x12953f6e698 of 512 bytes failed: ?????? ReadProcessMemory ??? WriteProcessMemory ??? ???????? ?????? ????????. (0x12B)
[0312/110712.584:ERROR:process_memory_win.cc(73)] ReadMemory at 0x12953f6eb90 of 512 bytes failed: ?????? ReadProcessMemory ??? WriteProcessMemory ??? ???????? ?????? ????????. (0x12B)
[0312/110712.584:ERROR:process_memory_win.cc(73)] ReadMemory at 0x12953f81708 of 512 bytes failed: ?????? ReadProcessMemory ??? WriteProcessMemory ??? ???????? ?????? ????????. (0x12B)
[0312/110712.584:ERROR:process_memory_win.cc(73)] ReadMemory at 0x12953fb2ee8 of 512 bytes failed: ?????? ReadProcessMemory ??? WriteProcessMemory ??? ???????? ?????? ????????. (0x12B)
[0312/110712.584:ERROR:process_memory_win.cc(73)] ReadMemory at 0x12955dc0000 of 384 bytes failed: ?????? ReadProcessMemory ??? WriteProcessMemory ??? ???????? ?????? ????????. (0x12B)
[0312/110712.584:ERROR:process_memory_win.cc(73)] ReadMemory at 0x12955e18680 of 512 bytes failed: ?????? ReadProcessMemory ??? WriteProcessMemory ??? ???????? ?????? ????????. (0x12B)
[0312/110712.584:ERROR:process_memory_win.cc(73)] ReadMemory at 0x12955e28db8 of 512 bytes failed: ?????? ReadProcessMemory ??? WriteProcessMemory ??? ???????? ?????? ????????. (0x12B)
[0312/110712.584:ERROR:process_memory_win.cc(73)] ReadMemory at 0x12955eebc70 of 512 bytes failed: ?????? ReadProcessMemory ??? WriteProcessMemory ??? ???????? ?????? ????????. (0x12B)
[0312/110712.585:ERROR:process_memory_win.cc(73)] ReadMemory at 0x12955f00770 of 512 bytes failed: ?????? ReadProcessMemory ??? WriteProcessMemory ??? ???????? ?????? ????????. (0x12B)
[0312/110712.585:ERROR:process_memory_win.cc(73)] ReadMemory at 0x12955f71ec0 of 512 bytes failed: ?????? ReadProcessMemory ??? WriteProcessMemory ??? ???????? ?????? ????????. (0x12B)
[0312/110712.585:ERROR:process_memory_win.cc(73)] ReadMemory at 0x12955f79ee8 of 512 bytes failed: ?????? ReadProcessMemory ??? WriteProcessMemory ??? ???????? ?????? ????????. (0x12B)
[0312/110712.585:ERROR:process_memory_win.cc(73)] ReadMemory at 0x1295631efe8 of 512 bytes failed: ?????? ReadProcessMemory ??? WriteProcessMemory ??? ???????? ?????? ????????. (0x12B)
[0312/110712.585:ERROR:process_memory_win.cc(73)] ReadMemory at 0x129592341c8 of 512 bytes failed: ?????? ReadProcessMemory ??? WriteProcessMemory ??? ???????? ?????? ????????. (0x12B)
[0312/110712.585:ERROR:process_memory_win.cc(73)] ReadMemory at 0xbec1a8a56c0 of 512 bytes failed: ?????? ReadProcessMemory ??? WriteProcessMemory ??? ???????? ?????? ????????. (0x12B)
[0312/110712.585:ERROR:process_memory_win.cc(73)] ReadMemory at 0x2e950cd826b0 of 528 bytes failed: ?????? ReadProcessMemory ??? WriteProcessMemory ??? ???????? ?????? ????????. (0x12B)
[0312/110712.585:ERROR:process_memory_win.cc(73)] ReadMemory at 0x5e163a980640 of 512 bytes failed: ?????? ReadProcessMemory ??? WriteProcessMemory ??? ???????? ?????? ????????. (0x12B)
[0312/110712.585:ERROR:process_memory_win.cc(73)] ReadMemory at 0x6fb08ef6c1f0 of 512 bytes failed: ?????? ReadProcessMemory ??? WriteProcessMemory ??? ???????? ?????? ????????. (0x12B)
[0312/110712.585:ERROR:process_memory_win.cc(73)] ReadMemory at 0x7ffbe5afe360 of 512 bytes failed: ?????? ReadProcessMemory ??? WriteProcessMemory ??? ???????? ?????? ????????. (0x12B)
[0312/110712.586:ERROR:process_memory_win.cc(73)] ReadMemory at 0x7ffbe659026c of 512 bytes failed: ?????? ReadProcessMemory ??? WriteProcessMemory ??? ???????? ?????? ????????. (0x12B)
[0312/110712.586:ERROR:process_memory_win.cc(73)] ReadMemory at 0x7ffbe7f7c960 of 512 bytes failed: ?????? ReadProcessMemory ??? WriteProcessMemory ??? ???????? ?????? ????????. (0x12B)
[0312/110712.586:ERROR:process_memory_win.cc(73)] ReadMemory at 0x7ffbead7dbe0 of 512 bytes failed: ?????? ReadProcessMemory ??? WriteProcessMemory ??? ???????? ?????? ????????. (0x12B)
[0312/110712.586:ERROR:process_memory_win.cc(73)] ReadMemory at 0x7ffbebd67a8d of 512 bytes failed: ?????? ReadProcessMemory ??? WriteProcessMemory ??? ???????? ?????? ????????. (0x12B)
[0312/110712.586:ERROR:process_memory_win.cc(73)] ReadMemory at 0x7ffbebd68285 of 512 bytes failed: ?????? ReadProcessMemory ??? WriteProcessMemory ??? ???????? ?????? ????????. (0x12B)
[0312/110712.586:ERROR:process_memory_win.cc(73)] ReadMemory at 0x7ffc180bc0c4 of 672 bytes failed: ?????? ReadProcessMemory ??? WriteProcessMemory ??? ???????? ?????? ????????. (0x12B)
[0312/110712.586:ERROR:process_memory_win.cc(73)] ReadMemory at 0x7ffc180bf974 of 608 bytes failed: ?????? ReadProcessMemory ??? WriteProcessMemory ??? ???????? ?????? ????????. (0x12B)
[0312/110712.586:ERROR:process_memory_win.cc(73)] ReadMemory at 0x7ffc1814c428 of 18 bytes failed: ?????? ReadProcessMemory ??? WriteProcessMemory ??? ???????? ?????? ????????. (0x12B)
[0312/110712.586:ERROR:process_memory_win.cc(73)] ReadMemory at 0x7ffc1817f4f8 of 40 bytes failed: ?????? ReadProcessMemory ??? WriteProcessMemory ??? ???????? ?????? ????????. (0x12B)
[0312/110712.586:ERROR:process_memory_win.cc(73)] ReadMemory at 0x7ffc1817f978 of 48 bytes failed: ?????? ReadProcessMemory ??? WriteProcessMemory ??? ???????? ?????? ????????. (0x12B)
[0312/110712.586:ERROR:process_memory_win.cc(73)] ReadMemory at 0x7ffc181853c0 of 64 bytes failed: ?????? ReadProcessMemory ??? WriteProcessMemory ??? ???????? ?????? ????????. (0x12B)
[0312/110712.835:ERROR:scoped_process_suspend.cc(40)] NtResumeProcess: ??????? ??????? ? ????????, ???????????? ????????? ??????????. (0xc000010a)
